{"/Users/Rati_Alania/Documents/EPAM/epmgcip-chaperone.admin/src/App.tsx": {"path":"/Users/Rati_Alania/Documents/EPAM/epmgcip-chaperone.admin/src/App.tsx","statementMap":{"0":{"start":{"line":2,"column":0},"end":{"line":2,"column":33}},"1":{"start":{"line":3,"column":0},"end":{"line":3,"column":18}},"2":{"start":{"line":6,"column":28},"end":{"line":6,"column":39}},"3":{"start":{"line":8,"column":2},"end":{"line":29,"column":null}},"4":{"start":{"line":14,"column":25},"end":{"line":14,"column":63}},"5":{"start":{"line":14,"column":49},"end":{"line":14,"column":62}},"6":{"start":{"line":32,"column":0},"end":{"line":32,"column":null}}},"fnMap":{"0":{"name":"App","decl":{"start":{"line":5,"column":9},"end":{"line":5,"column":12}},"loc":{"start":{"line":5,"column":12},"end":{"line":30,"column":1}}},"1":{"name":"(anonymous_1)","decl":{"start":{"line":14,"column":19},"end":{"line":14,"column":22}},"loc":{"start":{"line":14,"column":25},"end":{"line":14,"column":63}}},"2":{"name":"(anonymous_2)","decl":{"start":{"line":14,"column":34},"end":{"line":14,"column":35}},"loc":{"start":{"line":14,"column":49},"end":{"line":14,"column":62}}}},"branchMap":{},"s":{"0":1,"1":1,"2":1,"3":1,"4":0,"5":0,"6":1},"f":{"0":1,"1":0,"2":0},"b":{}}
}
